This file contains any messages produced by compilers while
running configure, to aid debugging if configure makes a mistake.

It was created by CPSP configure 2.4.6, which was
generated by GNU Autoconf 2.71.  Invocation command line was

  $ ../configure

## --------- ##
## Platform. ##
## --------- ##

hostname = LAPTOP-21S4PV3K
uname -m = x86_64
uname -r = 5.15.146.1-microsoft-standard-WSL2
uname -s = Linux
uname -v = #1 SMP Thu Jan 11 04:09:03 UTC 2024

/usr/bin/uname -p = x86_64
/bin/uname -X     = unknown

/bin/arch              = x86_64
/usr/bin/arch -k       = unknown
/usr/convex/getsysinfo = unknown
/usr/bin/hostinfo      = unknown
/bin/machine           = unknown
/usr/bin/oslevel       = unknown
/bin/universe          = unknown

PATH: /usr/local/sbin/
PATH: /usr/local/bin/
PATH: /usr/sbin/
PATH: /usr/bin/
PATH: /sbin/
PATH: /bin/
PATH: /usr/games/
PATH: /usr/local/games/
PATH: /usr/lib/wsl/lib/
PATH: /mnt/c/Program Files/WindowsApps/CanonicalGroupLimited.Ubuntu_2204.3.49.0_x64__79rhkp1fndgsc/
PATH: /mnt/c/Python312/Scripts/
PATH: /mnt/c/Python312/
PATH: /mnt/f/Universidad/Tercero/MatLab/bin/
PATH: /mnt/f/Universidad/Tercero/MatLab/bin/win64/
PATH: /mnt/c/Python311/Scripts/
PATH: /mnt/c/Python311/
PATH: /mnt/c/Program Files/Eclipse Adoptium/jdk-17.0.4.101-hotspot/bin/
PATH: /mnt/f/Universidad/ProgramasUni/OracleDB/dbhomeXE/bin/
PATH: /mnt/c/Program Files/Common Files/Oracle/Java/javapath/
PATH: /mnt/c/ProgramData/Oracle/Java/javapath/
PATH: /mnt/c/WINDOWS/system32/
PATH: /mnt/c/WINDOWS/
PATH: /mnt/c/WINDOWS/System32/Wbem/
PATH: /mnt/c/WINDOWS/System32/WindowsPowerShell/v1.0/
PATH: /mnt/c/WINDOWS/System32/OpenSSH/
PATH: /mnt/c/Program Files/SourceGear/Common/DiffMerge/
PATH: /mnt/f/Universidad/Tercero/MatLab/runtime/win64/
PATH: /mnt/c/Program Files/swipl/bin/
PATH: /mnt/c/ProgramData/chocolatey/bin/
PATH: /mnt/c/Program Files/AutoFirma/AutoFirma/
PATH: /mnt/c/Users/javie/AppData/Local/Programs/Python/Python310/Scripts/
PATH: /mnt/c/Users/javie/AppData/Local/Programs/Python/Python310/
PATH: /mnt/c/Users/javie/AppData/Roaming/local/bin/
PATH: /mnt/c/Users/javie/AppData/Local/Programs/Python/Python39/Scripts/
PATH: /mnt/c/Users/javie/AppData/Local/Programs/Python/Python39/
PATH: /mnt/c/Program Files/Java/jdk-15.0.2/bin/
PATH: /mnt/c/Users/javie/Desktop/EclipseARM/sourcery-g++-lite-arm-2011.03/bin/
PATH: /mnt/c/Users/javie/AppData/Local/Microsoft/WindowsApps/
PATH: /mnt/c/Users/javie/AppData/Local/GitHubDesktop/bin/
PATH: /mnt/c/Program Files/Java/jdk-11.0.2/bin/
PATH: /mnt/c/ghcup/bin/
PATH: /mnt/c/Users/javie/AppData/Local/Programs/Microsoft VS Code/bin/
PATH: /mnt/c/Program Files/JetBrains/IntelliJ IDEA Community Edition 2023.1/bin/
PATH: /mnt/c/Users/javie/AppData/Roaming/npm/
PATH: /mnt/c/Program Files/nodejs/
PATH: /mnt/c/Program Files/Git/cmd/
PATH: /mnt/c/Program Files/TortoiseGit/bin/
PATH: /snap/bin/


## ----------- ##
## Core tests. ##
## ----------- ##

configure:2593: looking for aux files: missing install-sh compile config.guess config.sub
configure:2606:  trying .././
configure:2635:   .././missing found
configure:2617:   .././install-sh found
configure:2635:   .././compile found
configure:2635:   .././config.guess found
configure:2635:   .././config.sub found
configure:2754: checking build system type
configure:2769: result: x86_64-unknown-linux-gnu
configure:2789: checking host system type
configure:2803: result: x86_64-unknown-linux-gnu
configure:2911: checking for g++
configure:2932: found /usr/bin/g++
configure:2943: result: g++
configure:2970: checking for C++ compiler version
configure:2979: g++ --version >&5
g++ (Ubuntu 11.4.0-1ubuntu1~22.04) 11.4.0
Copyright (C) 2021 Free Software Foundation, Inc.
This is free software; see the source for copying conditions.  There is NO
warranty; not even for MERCHANTABILITY or FITNESS FOR A PARTICULAR PURPOSE.

configure:2990: $? = 0
configure:2979: g++ -v >&5
Using built-in specs.
COLLECT_GCC=g++
COLLECT_LTO_WRAPPER=/usr/lib/gcc/x86_64-linux-gnu/11/lto-wrapper
OFFLOAD_TARGET_NAMES=nvptx-none:amdgcn-amdhsa
OFFLOAD_TARGET_DEFAULT=1
Target: x86_64-linux-gnu
Configured with: ../src/configure -v --with-pkgversion='Ubuntu 11.4.0-1ubuntu1~22.04' --with-bugurl=file:///usr/share/doc/gcc-11/README.Bugs --enable-languages=c,ada,c++,go,brig,d,fortran,objc,obj-c++,m2 --prefix=/usr --with-gcc-major-version-only --program-suffix=-11 --program-prefix=x86_64-linux-gnu- --enable-shared --enable-linker-build-id --libexecdir=/usr/lib --without-included-gettext --enable-threads=posix --libdir=/usr/lib --enable-nls --enable-bootstrap --enable-clocale=gnu --enable-libstdcxx-debug --enable-libstdcxx-time=yes --with-default-libstdcxx-abi=new --enable-gnu-unique-object --disable-vtable-verify --enable-plugin --enable-default-pie --with-system-zlib --enable-libphobos-checking=release --with-target-system-zlib=auto --enable-objc-gc=auto --enable-multiarch --disable-werror --enable-cet --with-arch-32=i686 --with-abi=m64 --with-multilib-list=m32,m64,mx32 --enable-multilib --with-tune=generic --enable-offload-targets=nvptx-none=/build/gcc-11-XeT9lY/gcc-11-11.4.0/debian/tmp-nvptx/usr,amdgcn-amdhsa=/build/gcc-11-XeT9lY/gcc-11-11.4.0/debian/tmp-gcn/usr --without-cuda-driver --enable-checking=release --build=x86_64-linux-gnu --host=x86_64-linux-gnu --target=x86_64-linux-gnu --with-build-config=bootstrap-lto-lean --enable-link-serialization=2
Thread model: posix
Supported LTO compression algorithms: zlib zstd
gcc version 11.4.0 (Ubuntu 11.4.0-1ubuntu1~22.04) 
... rest of stderr output deleted ...
configure:2990: $? = 0
configure:2979: g++ -V >&5
g++: error: unrecognized command-line option '-V'
g++: fatal error: no input files
compilation terminated.
configure:2990: $? = 1
configure:2979: g++ -qversion >&5
g++: error: unrecognized command-line option '-qversion'; did you mean '--version'?
g++: fatal error: no input files
compilation terminated.
configure:2990: $? = 1
configure:3010: checking whether the C++ compiler works
configure:3032: g++    conftest.cpp  >&5
configure:3036: $? = 0
configure:3086: result: yes
configure:3089: checking for C++ compiler default output file name
configure:3091: result: a.out
configure:3097: checking for suffix of executables
configure:3104: g++ -o conftest    conftest.cpp  >&5
configure:3108: $? = 0
configure:3131: result: 
configure:3153: checking whether we are cross compiling
configure:3161: g++ -o conftest    conftest.cpp  >&5
configure:3165: $? = 0
configure:3172: ./conftest
configure:3176: $? = 0
configure:3191: result: no
configure:3196: checking for suffix of object files
configure:3219: g++ -c   conftest.cpp >&5
configure:3223: $? = 0
configure:3245: result: o
configure:3249: checking whether the compiler supports GNU C++
configure:3269: g++ -c   conftest.cpp >&5
configure:3269: $? = 0
configure:3279: result: yes
configure:3290: checking whether g++ accepts -g
configure:3311: g++ -c -g  conftest.cpp >&5
configure:3311: $? = 0
configure:3355: result: yes
configure:3375: checking for g++ option to enable C++11 features
configure:3390: g++  -c -g -O2  conftest.cpp >&5
conftest.cpp: In function 'int main(int, char**)':
conftest.cpp:175:25: warning: empty parentheses were disambiguated as a function declaration [-Wvexing-parse]
  175 |   cxx11test::delegate d2();
      |                         ^~
conftest.cpp:175:25: note: remove parentheses to default-initialize a variable
  175 |   cxx11test::delegate d2();
      |                         ^~
      |                         --
conftest.cpp:175:25: note: or replace parentheses with braces to value-initialize a variable
configure:3390: $? = 0
configure:3408: result: none needed
configure:3534: checking for gcc
configure:3555: found /usr/bin/gcc
configure:3566: result: gcc
configure:3919: checking for C compiler version
configure:3928: gcc --version >&5
gcc (Ubuntu 11.4.0-1ubuntu1~22.04) 11.4.0
Copyright (C) 2021 Free Software Foundation, Inc.
This is free software; see the source for copying conditions.  There is NO
warranty; not even for MERCHANTABILITY or FITNESS FOR A PARTICULAR PURPOSE.

configure:3939: $? = 0
configure:3928: gcc -v >&5
Using built-in specs.
COLLECT_GCC=gcc
COLLECT_LTO_WRAPPER=/usr/lib/gcc/x86_64-linux-gnu/11/lto-wrapper
OFFLOAD_TARGET_NAMES=nvptx-none:amdgcn-amdhsa
OFFLOAD_TARGET_DEFAULT=1
Target: x86_64-linux-gnu
Configured with: ../src/configure -v --with-pkgversion='Ubuntu 11.4.0-1ubuntu1~22.04' --with-bugurl=file:///usr/share/doc/gcc-11/README.Bugs --enable-languages=c,ada,c++,go,brig,d,fortran,objc,obj-c++,m2 --prefix=/usr --with-gcc-major-version-only --program-suffix=-11 --program-prefix=x86_64-linux-gnu- --enable-shared --enable-linker-build-id --libexecdir=/usr/lib --without-included-gettext --enable-threads=posix --libdir=/usr/lib --enable-nls --enable-bootstrap --enable-clocale=gnu --enable-libstdcxx-debug --enable-libstdcxx-time=yes --with-default-libstdcxx-abi=new --enable-gnu-unique-object --disable-vtable-verify --enable-plugin --enable-default-pie --with-system-zlib --enable-libphobos-checking=release --with-target-system-zlib=auto --enable-objc-gc=auto --enable-multiarch --disable-werror --enable-cet --with-arch-32=i686 --with-abi=m64 --with-multilib-list=m32,m64,mx32 --enable-multilib --with-tune=generic --enable-offload-targets=nvptx-none=/build/gcc-11-XeT9lY/gcc-11-11.4.0/debian/tmp-nvptx/usr,amdgcn-amdhsa=/build/gcc-11-XeT9lY/gcc-11-11.4.0/debian/tmp-gcn/usr --without-cuda-driver --enable-checking=release --build=x86_64-linux-gnu --host=x86_64-linux-gnu --target=x86_64-linux-gnu --with-build-config=bootstrap-lto-lean --enable-link-serialization=2
Thread model: posix
Supported LTO compression algorithms: zlib zstd
gcc version 11.4.0 (Ubuntu 11.4.0-1ubuntu1~22.04) 
... rest of stderr output deleted ...
configure:3939: $? = 0
configure:3928: gcc -V >&5
gcc: error: unrecognized command-line option '-V'
gcc: fatal error: no input files
compilation terminated.
configure:3939: $? = 1
configure:3928: gcc -qversion >&5
gcc: error: unrecognized command-line option '-qversion'; did you mean '--version'?
gcc: fatal error: no input files
compilation terminated.
configure:3939: $? = 1
configure:3928: gcc -version >&5
gcc: error: unrecognized command-line option '-version'
gcc: fatal error: no input files
compilation terminated.
configure:3939: $? = 1
configure:3943: checking whether the compiler supports GNU C
configure:3963: gcc -c   conftest.c >&5
configure:3963: $? = 0
configure:3973: result: yes
configure:3984: checking whether gcc accepts -g
configure:4005: gcc -c -g  conftest.c >&5
configure:4005: $? = 0
configure:4049: result: yes
configure:4069: checking for gcc option to enable C11 features
configure:4084: gcc  -c -g -O2  conftest.c >&5
configure:4084: $? = 0
configure:4102: result: none needed
configure:4222: checking whether gcc understands -c and -o together
configure:4245: gcc -c conftest.c -o conftest2.o
configure:4248: $? = 0
configure:4245: gcc -c conftest.c -o conftest2.o
configure:4248: $? = 0
configure:4260: result: yes
configure:4325: checking for ranlib
configure:4346: found /usr/bin/ranlib
configure:4357: result: ranlib
configure:4384: checking whether to build with debug information
configure:4394: result: no
configure:4520: checking for doxygen
configure:4558: result: no
configure:4578: WARNING: doxygen not found - will not generate any doxygen documentation
configure:4636: checking for perl
configure:4659: found /usr/bin/perl
configure:4671: result: /usr/bin/perl
configure:4820: checking for dot
configure:4858: result: no
configure:4878: WARNING: dot not found - will not generate graphics for doxygen documentation
configure:6480: checking for a BSD-compatible install
configure:6553: result: /usr/bin/install -c
configure:6564: checking whether build environment is sane
configure:6619: result: yes
configure:6650: WARNING: 'missing' script is too old or missing
configure:6774: checking for a race-free mkdir -p
configure:6818: result: /usr/bin/mkdir -p
configure:6825: checking for gawk
configure:6846: found /usr/bin/gawk
configure:6857: result: gawk
configure:6868: checking whether make sets $(MAKE)
configure:6891: result: yes
configure:6913: checking whether make supports the include directive
configure:6928: make -f confmf.GNU && cat confinc.out
this is the am__doit target
configure:6931: $? = 0
configure:6950: result: yes (GNU style)
configure:6985: checking whether make supports nested variables
configure:7003: result: yes
configure:7084: checking dependency style of gcc
configure:7196: result: gcc3
configure:7213: checking dependency style of g++
configure:7325: result: gcc3
configure:7425: checking whether to link only with static libraries
configure:7427: result: no
configure:7498: checking for stdio.h
configure:7498: g++ -c   -O3  conftest.cpp >&5
conftest.cpp:11: warning: "__cplusplus" redefined
   11 | #define __cplusplus 1
      | 
<built-in>: note: this is the location of the previous definition
configure:7498: $? = 0
configure:7498: result: yes
configure:7498: checking for stdlib.h
configure:7498: g++ -c   -O3  conftest.cpp >&5
conftest.cpp:11: warning: "__cplusplus" redefined
   11 | #define __cplusplus 1
      | 
<built-in>: note: this is the location of the previous definition
configure:7498: $? = 0
configure:7498: result: yes
configure:7498: checking for string.h
configure:7498: g++ -c   -O3  conftest.cpp >&5
conftest.cpp:11: warning: "__cplusplus" redefined
   11 | #define __cplusplus 1
      | 
<built-in>: note: this is the location of the previous definition
configure:7498: $? = 0
configure:7498: result: yes
configure:7498: checking for inttypes.h
configure:7498: g++ -c   -O3  conftest.cpp >&5
conftest.cpp:11: warning: "__cplusplus" redefined
   11 | #define __cplusplus 1
      | 
<built-in>: note: this is the location of the previous definition
configure:7498: $? = 0
configure:7498: result: yes
configure:7498: checking for stdint.h
configure:7498: g++ -c   -O3  conftest.cpp >&5
conftest.cpp:11: warning: "__cplusplus" redefined
   11 | #define __cplusplus 1
      | 
<built-in>: note: this is the location of the previous definition
configure:7498: $? = 0
configure:7498: result: yes
configure:7498: checking for strings.h
configure:7498: g++ -c   -O3  conftest.cpp >&5
conftest.cpp:11: warning: "__cplusplus" redefined
   11 | #define __cplusplus 1
      | 
<built-in>: note: this is the location of the previous definition
configure:7498: $? = 0
configure:7498: result: yes
configure:7498: checking for sys/stat.h
configure:7498: g++ -c   -O3  conftest.cpp >&5
conftest.cpp:11: warning: "__cplusplus" redefined
   11 | #define __cplusplus 1
      | 
<built-in>: note: this is the location of the previous definition
configure:7498: $? = 0
configure:7498: result: yes
configure:7498: checking for sys/types.h
configure:7498: g++ -c   -O3  conftest.cpp >&5
conftest.cpp:11: warning: "__cplusplus" redefined
   11 | #define __cplusplus 1
      | 
<built-in>: note: this is the location of the previous definition
configure:7498: $? = 0
configure:7498: result: yes
configure:7498: checking for unistd.h
configure:7498: g++ -c   -O3  conftest.cpp >&5
conftest.cpp:11: warning: "__cplusplus" redefined
   11 | #define __cplusplus 1
      | 
<built-in>: note: this is the location of the previous definition
configure:7498: $? = 0
configure:7498: result: yes
configure:7523: checking for vector
configure:7523: g++ -c   -O3  conftest.cpp >&5
conftest.cpp:11: warning: "__cplusplus" redefined
   11 | #define __cplusplus 1
      | 
<built-in>: note: this is the location of the previous definition
In file included from /usr/include/c++/11/bits/stl_algobase.h:67,
                 from /usr/include/c++/11/vector:60,
                 from conftest.cpp:51:
/usr/include/c++/11/bits/stl_iterator.h:2480:26: error: 'remove_const_t' does not name a type
 2480 |     using __iter_key_t = remove_const_t<
      |                          ^~~~~~~~~~~~~~
/usr/include/c++/11/bits/stl_iterator.h:2492:10: error: 'add_const_t' was not declared in this scope
 2492 |     pair<add_const_t<__iter_key_t<_InputIterator>>,
      |          ^~~~~~~~~~~
/usr/include/c++/11/bits/stl_iterator.h:2492:22: error: '__iter_key_t' was not declared in this scope; did you mean '__iter_val_t'?
 2492 |     pair<add_const_t<__iter_key_t<_InputIterator>>,
      |                      ^~~~~~~~~~~~
      |                      __iter_val_t
/usr/include/c++/11/bits/stl_iterator.h:2492:35: error: wrong number of template arguments (1, should be 2)
 2492 |     pair<add_const_t<__iter_key_t<_InputIterator>>,
      |                                   ^~~~~~~~~~~~~~
In file included from /usr/include/c++/11/bits/stl_algobase.h:64,
                 from /usr/include/c++/11/vector:60,
                 from conftest.cpp:51:
/usr/include/c++/11/bits/stl_pair.h:211:12: note: provided for 'template<class _T1, class _T2> struct std::pair'
  211 |     struct pair
      |            ^~~~
In file included from /usr/include/c++/11/cstdlib:41,
                 from /usr/include/c++/11/stdlib.h:36,
                 from conftest.cpp:28:
/usr/include/c++/11/new:126:52: error: ISO C++17 does not allow dynamic exception specifications
  126 | _GLIBCXX_NODISCARD void* operator new(std::size_t) _GLIBCXX_THROW (std::bad_alloc)
      |                                                    ^~~~~~~~~~~~~~
/usr/include/c++/11/new:128:54: error: ISO C++17 does not allow dynamic exception specifications
  128 | _GLIBCXX_NODISCARD void* operator new[](std::size_t) _GLIBCXX_THROW (std::bad_alloc)
      |                                                      ^~~~~~~~~~~~~~
In file included from /usr/include/c++/11/vector:67,
                 from conftest.cpp:51:
/usr/include/c++/11/bits/stl_vector.h:1874:23: error: '_RequireInputIter' does not name a type
 1874 |            typename = _RequireInputIter<_InputIterator>,
      |                       ^~~~~~~~~~~~~~~~~
/usr/include/c++/11/bits/stl_vector.h:1874:40: error: expected '>' before '<' token
 1874 |            typename = _RequireInputIter<_InputIterator>,
      |                                        ^
configure:7523: $? = 1
configure: failed program was:
| /* confdefs.h */
| #define PACKAGE_NAME "CPSP"
| #define PACKAGE_TARNAME "cpsp"
| #define PACKAGE_VERSION "2.4.6"
| #define PACKAGE_STRING "CPSP 2.4.6"
| #define PACKAGE_BUGREPORT ""
| #define PACKAGE_URL "http://cpsp.informatik.uni-freiburg.de"
| #define NDEBUG 1
| #define PACKAGE "cpsp"
| #define VERSION "2.4.6"
| #define __cplusplus 1
| #define HAVE_STDIO_H 1
| #define HAVE_STDLIB_H 1
| #define HAVE_STRING_H 1
| #define HAVE_INTTYPES_H 1
| #define HAVE_STDINT_H 1
| #define HAVE_STRINGS_H 1
| #define HAVE_SYS_STAT_H 1
| #define HAVE_SYS_TYPES_H 1
| #define HAVE_UNISTD_H 1
| #define STDC_HEADERS 1
| /* end confdefs.h.  */
| #include <stddef.h>
| #ifdef HAVE_STDIO_H
| # include <stdio.h>
| #endif
| #ifdef HAVE_STDLIB_H
| # include <stdlib.h>
| #endif
| #ifdef HAVE_STRING_H
| # include <string.h>
| #endif
| #ifdef HAVE_INTTYPES_H
| # include <inttypes.h>
| #endif
| #ifdef HAVE_STDINT_H
| # include <stdint.h>
| #endif
| #ifdef HAVE_STRINGS_H
| # include <strings.h>
| #endif
| #ifdef HAVE_SYS_TYPES_H
| # include <sys/types.h>
| #endif
| #ifdef HAVE_SYS_STAT_H
| # include <sys/stat.h>
| #endif
| #ifdef HAVE_UNISTD_H
| # include <unistd.h>
| #endif
| #include <vector>
configure:7523: result: no
configure:7532: checking for size_t
configure:7532: g++ -c   -O3  conftest.cpp >&5
conftest.cpp:11: warning: "__cplusplus" redefined
   11 | #define __cplusplus 1
      | 
<built-in>: note: this is the location of the previous definition
configure:7532: $? = 0
configure:7532: g++ -c   -O3  conftest.cpp >&5
conftest.cpp:11: warning: "__cplusplus" redefined
   11 | #define __cplusplus 1
      | 
<built-in>: note: this is the location of the previous definition
conftest.cpp: In function 'int main()':
conftest.cpp:54:20: error: expected primary-expression before ')' token
   54 | if (sizeof ((size_t)))
      |                    ^
configure:7532: $? = 1
configure: failed program was:
| /* confdefs.h */
| #define PACKAGE_NAME "CPSP"
| #define PACKAGE_TARNAME "cpsp"
| #define PACKAGE_VERSION "2.4.6"
| #define PACKAGE_STRING "CPSP 2.4.6"
| #define PACKAGE_BUGREPORT ""
| #define PACKAGE_URL "http://cpsp.informatik.uni-freiburg.de"
| #define NDEBUG 1
| #define PACKAGE "cpsp"
| #define VERSION "2.4.6"
| #define __cplusplus 1
| #define HAVE_STDIO_H 1
| #define HAVE_STDLIB_H 1
| #define HAVE_STRING_H 1
| #define HAVE_INTTYPES_H 1
| #define HAVE_STDINT_H 1
| #define HAVE_STRINGS_H 1
| #define HAVE_SYS_STAT_H 1
| #define HAVE_SYS_TYPES_H 1
| #define HAVE_UNISTD_H 1
| #define STDC_HEADERS 1
| /* end confdefs.h.  */
| #include <stddef.h>
| #ifdef HAVE_STDIO_H
| # include <stdio.h>
| #endif
| #ifdef HAVE_STDLIB_H
| # include <stdlib.h>
| #endif
| #ifdef HAVE_STRING_H
| # include <string.h>
| #endif
| #ifdef HAVE_INTTYPES_H
| # include <inttypes.h>
| #endif
| #ifdef HAVE_STDINT_H
| # include <stdint.h>
| #endif
| #ifdef HAVE_STRINGS_H
| # include <strings.h>
| #endif
| #ifdef HAVE_SYS_TYPES_H
| # include <sys/types.h>
| #endif
| #ifdef HAVE_SYS_STAT_H
| # include <sys/stat.h>
| #endif
| #ifdef HAVE_UNISTD_H
| # include <unistd.h>
| #endif
| int
| main (void)
| {
| if (sizeof ((size_t)))
| 	    return 0;
|   ;
|   return 0;
| }
configure:7532: result: yes
configure:7544: checking for the BIU C++ library
configure:7557: g++ -c   -O3  conftest.cpp >&5
conftest.cpp:11: warning: "__cplusplus" redefined
   11 | #define __cplusplus 1
      | 
<built-in>: note: this is the location of the previous definition
configure:7557: $? = 0
configure:7560: result: yes
configure:7575: checking for the Gecode C++ library
configure:7588: g++ -c   -O3  conftest.cpp >&5
conftest.cpp:11: warning: "__cplusplus" redefined
   11 | #define __cplusplus 1
      | 
<built-in>: note: this is the location of the previous definition
In file included from /usr/include/c++/11/atomic:38,
                 from /usr/local/include/gecode/support/ref-count.hpp:34,
                 from /usr/local/include/gecode/support.hh:142,
                 from /usr/local/include/gecode/kernel.hh:50,
                 from conftest.cpp:23:
/usr/include/c++/11/bits/c++0x_warning.h:32:2: error: #error This file requires compiler and library support for the ISO C++ 2011 standard. This support must be enabled with the -std=c++11 or -std=gnu++11 compiler options.
   32 | #error This file requires compiler and library support \
      |  ^~~~~
In file included from /usr/include/c++/11/bits/stl_algobase.h:67,
                 from /usr/include/c++/11/algorithm:61,
                 from /usr/local/include/gecode/support/heap.hpp:36,
                 from /usr/local/include/gecode/support.hh:104,
                 from /usr/local/include/gecode/kernel.hh:50,
                 from conftest.cpp:23:
/usr/include/c++/11/bits/stl_iterator.h:2480:26: error: 'remove_const_t' does not name a type
 2480 |     using __iter_key_t = remove_const_t<
      |                          ^~~~~~~~~~~~~~
/usr/include/c++/11/bits/stl_iterator.h:2492:10: error: 'add_const_t' was not declared in this scope
 2492 |     pair<add_const_t<__iter_key_t<_InputIterator>>,
      |          ^~~~~~~~~~~
/usr/include/c++/11/bits/stl_iterator.h:2492:22: error: '__iter_key_t' was not declared in this scope; did you mean '__iter_val_t'?
 2492 |     pair<add_const_t<__iter_key_t<_InputIterator>>,
      |                      ^~~~~~~~~~~~
      |                      __iter_val_t
/usr/include/c++/11/bits/stl_iterator.h:2492:35: error: wrong number of template arguments (1, should be 2)
 2492 |     pair<add_const_t<__iter_key_t<_InputIterator>>,
      |                                   ^~~~~~~~~~~~~~
In file included from /usr/include/c++/11/utility:70,
                 from /usr/include/c++/11/algorithm:60,
                 from /usr/local/include/gecode/support/heap.hpp:36,
                 from /usr/local/include/gecode/support.hh:104,
                 from /usr/local/include/gecode/kernel.hh:50,
                 from conftest.cpp:23:
/usr/include/c++/11/bits/stl_pair.h:211:12: note: provided for 'template<class _T1, class _T2> struct std::pair'
  211 |     struct pair
      |            ^~~~
In file included from /usr/include/c++/11/cstddef:49,
                 from /usr/local/include/gecode/kernel.hh:41,
                 from conftest.cpp:23:
/usr/include/c++/11/new:126:52: error: ISO C++17 does not allow dynamic exception specifications
  126 | _GLIBCXX_NODISCARD void* operator new(std::size_t) _GLIBCXX_THROW (std::bad_alloc)
      |                                                    ^~~~~~~~~~~~~~
/usr/include/c++/11/new:128:54: error: ISO C++17 does not allow dynamic exception specifications
  128 | _GLIBCXX_NODISCARD void* operator new[](std::size_t) _GLIBCXX_THROW (std::bad_alloc)
      |                                                      ^~~~~~~~~~~~~~
In file included from /usr/include/c++/11/string:55,
                 from /usr/include/c++/11/bits/locale_classes.h:40,
                 from /usr/include/c++/11/bits/ios_base.h:41,
                 from /usr/include/c++/11/ios:42,
                 from /usr/include/c++/11/ostream:38,
                 from /usr/include/c++/11/iostream:39,
                 from /usr/local/include/gecode/support/bitset-offset.hpp:42,
                 from /usr/local/include/gecode/support.hh:115,
                 from /usr/local/include/gecode/kernel.hh:50,
                 from conftest.cpp:23:
/usr/include/c++/11/bits/basic_string.h:531:27: error: '_RequireAllocator' does not name a type
  531 |       template<typename = _RequireAllocator<_Alloc>>
      |                           ^~~~~~~~~~~~~~~~~
/usr/include/c++/11/bits/basic_string.h:531:44: error: expected '>' before '<' token
  531 |       template<typename = _RequireAllocator<_Alloc>>
      |                                            ^
/usr/include/c++/11/bits/basic_string.h:551:27: error: '_RequireAllocator' does not name a type
  551 |       template<typename = _RequireAllocator<_Alloc>>
      |                           ^~~~~~~~~~~~~~~~~
/usr/include/c++/11/bits/basic_string.h:551:44: error: expected '>' before '<' token
  551 |       template<typename = _RequireAllocator<_Alloc>>
      |                                            ^
/usr/include/c++/11/bits/basic_string.h:6062:23: error: '_RequireInputIter' does not name a type
 6062 |            typename = _RequireInputIter<_InputIterator>,
      |                       ^~~~~~~~~~~~~~~~~
/usr/include/c++/11/bits/basic_string.h:6062:40: error: expected '>' before '<' token
 6062 |            typename = _RequireInputIter<_InputIterator>,
      |                                        ^
/usr/include/c++/11/bits/basic_string.h:6071:23: error: '_RequireAllocator' does not name a type
 6071 |            typename = _RequireAllocator<_Allocator>>
      |                       ^~~~~~~~~~~~~~~~~
/usr/include/c++/11/bits/basic_string.h:6071:40: error: expected '>' before '<' token
 6071 |            typename = _RequireAllocator<_Allocator>>
      |                                        ^
/usr/include/c++/11/bits/basic_string.h:6072:35: error: expected ')' before '<' token
 6072 |     basic_string(basic_string_view<_CharT, _Traits>, const _Allocator& = _Allocator())
      |                 ~                 ^
      |                                   )
/usr/include/c++/11/bits/basic_string.h:6077:23: error: '_RequireAllocator' does not name a type
 6077 |            typename = _RequireAllocator<_Allocator>>
      |                       ^~~~~~~~~~~~~~~~~
/usr/include/c++/11/bits/basic_string.h:6077:40: error: expected '>' before '<' token
 6077 |            typename = _RequireAllocator<_Allocator>>
      |                                        ^
/usr/include/c++/11/bits/basic_string.h:6078:35: error: expected ')' before '<' token
 6078 |     basic_string(basic_string_view<_CharT, _Traits>,
      |                 ~                 ^
      |                                   )
In file included from /usr/local/include/gecode/support.hh:142,
                 from /usr/local/include/gecode/kernel.hh:50,
                 from conftest.cpp:23:
/usr/local/include/gecode/support/ref-count.hpp:42:10: error: 'atomic_ulong' in namespace 'std' does not name a type
   42 |     std::atomic_ulong n;
      |          ^~~~~~~~~~~~
/usr/local/include/gecode/support/ref-count.hpp: In constructor 'Gecode::Support::RefCount::RefCount(long unsigned int)':
/usr/local/include/gecode/support/ref-count.hpp:56:5: error: 'n' was not declared in this scope; did you mean 'yn'?
   56 |     n.store(n0,std::memory_order_release);
      |     ^
      |     yn
/usr/local/include/gecode/support/ref-count.hpp:56:21: error: 'memory_order_release' is not a member of 'std'
   56 |     n.store(n0,std::memory_order_release);
      |                     ^~~~~~~~~~~~~~~~~~~~
/usr/local/include/gecode/support/ref-count.hpp: In member function 'void Gecode::Support::RefCount::inc()':
/usr/local/include/gecode/support/ref-count.hpp:60:12: error: 'n' was not declared in this scope; did you mean 'yn'?
   60 |     (void) n.fetch_add(1U,std::memory_order_relaxed);
      |            ^
      |            yn
/usr/local/include/gecode/support/ref-count.hpp:60:32: error: 'memory_order_relaxed' is not a member of 'std'
   60 |     (void) n.fetch_add(1U,std::memory_order_relaxed);
      |                                ^~~~~~~~~~~~~~~~~~~~
/usr/local/include/gecode/support/ref-count.hpp: In member function 'bool Gecode::Support::RefCount::dec()':
/usr/local/include/gecode/support/ref-count.hpp:64:12: error: 'n' was not declared in this scope; did you mean 'yn'?
   64 |     return n.fetch_sub(1U,std::memory_order_acq_rel) == 1U;
      |            ^
      |            yn
/usr/local/include/gecode/support/ref-count.hpp:64:32: error: 'memory_order_acq_rel' is not a member of 'std'
   64 |     return n.fetch_sub(1U,std::memory_order_acq_rel) == 1U;
      |                                ^~~~~~~~~~~~~~~~~~~~
/usr/local/include/gecode/support/ref-count.hpp: In member function 'Gecode::Support::RefCount::operator bool() const':
/usr/local/include/gecode/support/ref-count.hpp:68:12: error: 'n' was not declared in this scope; did you mean 'yn'?
   68 |     return n.load(std::memory_order_acquire) > 0U;
      |            ^
      |            yn
/usr/local/include/gecode/support/ref-count.hpp:68:24: error: 'memory_order_acquire' is not a member of 'std'
   68 |     return n.load(std::memory_order_acquire) > 0U;
      |                        ^~~~~~~~~~~~~~~~~~~~
In file included from /usr/local/include/gecode/kernel.hh:132,
                 from conftest.cpp:23:
/usr/local/include/gecode/kernel/memory/region.hpp: At global scope:
/usr/local/include/gecode/kernel/memory/region.hpp:63:29: error: 'max_align_t' is not a member of 'std'
   63 |       alignas((alignof(std::max_align_t) > GECODE_MEMORY_ALIGNMENT) ?
      |                             ^~~~~~~~~~~
/usr/local/include/gecode/kernel/memory/region.hpp:64:28: error: 'max_align_t' is not a member of 'std'
   64 |               alignof(std::max_align_t) : GECODE_MEMORY_ALIGNMENT)
      |                            ^~~~~~~~~~~
/usr/local/include/gecode/kernel/memory/region.hpp: In member function 'bool Gecode::Region::Chunk::alloc(size_t, void*&)':
/usr/local/include/gecode/kernel/memory/region.hpp:336:25: error: 'max_align_t' is not a member of 'std'
  336 |       (s,((alignof(std::max_align_t) > GECODE_MEMORY_ALIGNMENT) ?
      |                         ^~~~~~~~~~~
/usr/local/include/gecode/kernel/memory/region.hpp:337:24: error: 'max_align_t' is not a member of 'std'
  337 |           alignof(std::max_align_t) : GECODE_MEMORY_ALIGNMENT));
      |                        ^~~~~~~~~~~
/usr/local/include/gecode/kernel/memory/region.hpp:341:26: error: 'area' was not declared in this scope
  341 |     p = ptr_cast<char*>(&area[0]) + free;
      |                          ^~~~
In file included from /usr/include/c++/11/vector:67,
                 from /usr/local/include/gecode/kernel/data/array.hpp:42,
                 from /usr/local/include/gecode/kernel.hh:176,
                 from conftest.cpp:23:
/usr/include/c++/11/bits/stl_vector.h: At global scope:
/usr/include/c++/11/bits/stl_vector.h:1874:23: error: '_RequireInputIter' does not name a type
 1874 |            typename = _RequireInputIter<_InputIterator>,
      |                       ^~~~~~~~~~~~~~~~~
/usr/include/c++/11/bits/stl_vector.h:1874:40: error: expected '>' before '<' token
 1874 |            typename = _RequireInputIter<_InputIterator>,
      |                                        ^
In file included from /usr/local/include/gecode/kernel.hh:176,
                 from conftest.cpp:23:
/usr/local/include/gecode/kernel/data/array.hpp:608:39: error: expected ')' before '<' token
  608 |     ArgArrayBase(std::initializer_list<T> a);
      |                 ~                     ^
      |                                       )
/usr/local/include/gecode/kernel/data/array.hpp:709:35: error: expected ')' before '<' token
  709 |     ArgArray(std::initializer_list<T> a);
      |             ~                     ^
      |                                   )
/usr/local/include/gecode/kernel/data/array.hpp:793:38: error: expected ')' before '<' token
  793 |     VarArgArray(std::initializer_list<Var> a);
      |                ~                     ^
      |                                      )
/usr/local/include/gecode/kernel/data/array.hpp:1576:3: error: 'int Gecode::ArgArrayBase<T>::ArgArrayBase' is not a static data member of 'class Gecode::ArgArrayBase<T>'
 1576 |   ArgArrayBase<T>::ArgArrayBase(std::initializer_list<T> aa)
      |   ^~~~~~~~~~~~~~~
/usr/local/include/gecode/kernel/data/array.hpp:1576:38: error: template definition of non-template 'int Gecode::ArgArrayBase<T>::ArgArrayBase'
 1576 |   ArgArrayBase<T>::ArgArrayBase(std::initializer_list<T> aa)
      |                                      ^~~~~~~~~~~~~~~~
/usr/local/include/gecode/kernel/data/array.hpp:1576:38: error: 'initializer_list' is not a member of 'std'; did you mean 'uninitialized_fill'?
 1576 |   ArgArrayBase<T>::ArgArrayBase(std::initializer_list<T> aa)
      |                                      ^~~~~~~~~~~~~~~~
      |                                      uninitialized_fill
/usr/local/include/gecode/kernel/data/array.hpp:1576:56: error: expected primary-expression before '>' token
 1576 |   ArgArrayBase<T>::ArgArrayBase(std::initializer_list<T> aa)
      |                                                        ^
/usr/local/include/gecode/kernel/data/array.hpp:1576:58: error: 'aa' was not declared in this scope; did you mean 'a'?
 1576 |   ArgArrayBase<T>::ArgArrayBase(std::initializer_list<T> aa)
      |                                                          ^~
      |                                                          a
/usr/local/include/gecode/kernel/data/array.hpp:1776:3: error: 'int Gecode::ArgArray< <template-parameter-1-1> >::ArgArray' is not a static data member of 'class Gecode::ArgArray< <template-parameter-1-1> >'
 1776 |   ArgArray<T>::ArgArray(std::initializer_list<T> aa)
      |   ^~~~~~~~~~~
/usr/local/include/gecode/kernel/data/array.hpp:1776:30: error: template definition of non-template 'int Gecode::ArgArray< <template-parameter-1-1> >::ArgArray'
 1776 |   ArgArray<T>::ArgArray(std::initializer_list<T> aa)
      |                              ^~~~~~~~~~~~~~~~
/usr/local/include/gecode/kernel/data/array.hpp:1776:30: error: 'initializer_list' is not a member of 'std'; did you mean 'uninitialized_fill'?
 1776 |   ArgArray<T>::ArgArray(std::initializer_list<T> aa)
      |                              ^~~~~~~~~~~~~~~~
      |                              uninitialized_fill
/usr/local/include/gecode/kernel/data/array.hpp:1776:48: error: expected primary-expression before '>' token
 1776 |   ArgArray<T>::ArgArray(std::initializer_list<T> aa)
      |                                                ^
/usr/local/include/gecode/kernel/data/array.hpp:1776:50: error: 'aa' was not declared in this scope; did you mean 'a'?
 1776 |   ArgArray<T>::ArgArray(std::initializer_list<T> aa)
      |                                                  ^~
      |                                                  a
/usr/local/include/gecode/kernel/data/array.hpp:1857:3: error: 'int Gecode::VarArgArray<Var>::VarArgArray' is not a static data member of 'class Gecode::VarArgArray<Var>'
 1857 |   VarArgArray<Var>::VarArgArray(std::initializer_list<Var> aa)
      |   ^~~~~~~~~~~~~~~~
/usr/local/include/gecode/kernel/data/array.hpp:1857:38: error: template definition of non-template 'int Gecode::VarArgArray<Var>::VarArgArray'
 1857 |   VarArgArray<Var>::VarArgArray(std::initializer_list<Var> aa)
      |                                      ^~~~~~~~~~~~~~~~
/usr/local/include/gecode/kernel/data/array.hpp:1857:38: error: 'initializer_list' is not a member of 'std'; did you mean 'uninitialized_fill'?
 1857 |   VarArgArray<Var>::VarArgArray(std::initializer_list<Var> aa)
      |                                      ^~~~~~~~~~~~~~~~
      |                                      uninitialized_fill
/usr/local/include/gecode/kernel/data/array.hpp:1857:58: error: expected primary-expression before '>' token
 1857 |   VarArgArray<Var>::VarArgArray(std::initializer_list<Var> aa)
      |                                                          ^
/usr/local/include/gecode/kernel/data/array.hpp:1857:60: error: 'aa' was not declared in this scope; did you mean 'a'?
 1857 |   VarArgArray<Var>::VarArgArray(std::initializer_list<Var> aa)
      |                                                            ^~
      |                                                            a
In file included from /usr/local/include/gecode/kernel.hh:190,
                 from conftest.cpp:23:
/usr/local/include/gecode/kernel/propagator/wait.hpp:48:21: error: 'function' is not a member of 'std'
   48 |     SharedData<std::function<void(Space& home)>> c;
      |                     ^~~~~~~~
/usr/local/include/gecode/kernel/propagator/wait.hpp:1:1: note: 'std::function' is defined in header '<functional>'; did you forget to '#include <functional>'?
    1 | /* -*- mode: C++; c-basic-offset: 2; indent-tabs-mode: nil -*- */
/usr/local/include/gecode/kernel/propagator/wait.hpp:48:47: error: template argument 1 is invalid
   48 |     SharedData<std::function<void(Space& home)>> c;
      |                                               ^~
/usr/local/include/gecode/kernel/propagator/wait.hpp:50:34: error: 'std::function' has not been declared
   50 |     UnaryWait(Home home, View x, std::function<void(Space& home)> c0);
      |                                  ^~~
/usr/local/include/gecode/kernel/propagator/wait.hpp:50:47: error: expected ',' or '...' before '<' token
   50 |     UnaryWait(Home home, View x, std::function<void(Space& home)> c0);
      |                                               ^
/usr/local/include/gecode/kernel/propagator/wait.hpp:64:28: error: 'std::function' has not been declared
   64 |                            std::function<void(Space& home)> c);
      |                            ^~~
/usr/local/include/gecode/kernel/propagator/wait.hpp:64:41: error: expected ',' or '...' before '<' token
   64 |                            std::function<void(Space& home)> c);
      |                                         ^
/usr/local/include/gecode/kernel/propagator/wait.hpp:81:21: error: 'function' is not a member of 'std'
   81 |     SharedData<std::function<void(Space& home)>> c;
      |                     ^~~~~~~~
/usr/local/include/gecode/kernel/propagator/wait.hpp:81:21: note: 'std::function' is defined in header '<functional>'; did you forget to '#include <functional>'?
/usr/local/include/gecode/kernel/propagator/wait.hpp:81:47: error: template argument 1 is invalid
   81 |     SharedData<std::function<void(Space& home)>> c;
      |                                               ^~
/usr/local/include/gecode/kernel/propagator/wait.hpp:84:14: error: 'std::function' has not been declared
   84 |              std::function<void(Space& home)> c0);
      |              ^~~
/usr/local/include/gecode/kernel/propagator/wait.hpp:84:27: error: expected ',' or '...' before '<' token
   84 |              std::function<void(Space& home)> c0);
      |                           ^
/usr/local/include/gecode/kernel/propagator/wait.hpp:98:28: error: 'std::function' has not been declared
   98 |                            std::function<void(Space& home)> c);
      |                            ^~~
/usr/local/include/gecode/kernel/propagator/wait.hpp:98:41: error: expected ',' or '...' before '<' token
   98 |                            std::function<void(Space& home)> c);
      |                                         ^
/usr/local/include/gecode/kernel/propagator/wait.hpp:111:30: error: 'std::function' has not been declared
  111 |                              std::function<void(Space& home)> c0)
      |                              ^~~
/usr/local/include/gecode/kernel/propagator/wait.hpp:111:43: error: expected ',' or '...' before '<' token
  111 |                              std::function<void(Space& home)> c0)
      |                                           ^
/usr/local/include/gecode/kernel/propagator/wait.hpp: In constructor 'Gecode::UnaryWait<View>::UnaryWait(Gecode::Home, View, int)':
/usr/local/include/gecode/kernel/propagator/wait.hpp:112:34: error: 'c0' was not declared in this scope; did you mean 'c'?
  112 |     : Propagator(home), x(x0), c(c0) {
      |                                  ^~
      |                                  c
/usr/local/include/gecode/kernel/propagator/wait.hpp: In member function 'virtual Gecode::ExecStatus Gecode::UnaryWait<View>::propagate(Gecode::Space&, const ModEventDelta&)':
/usr/local/include/gecode/kernel/propagator/wait.hpp:142:6: error: expression cannot be used as a function
  142 |     c()(home);
      |     ~^~
/usr/local/include/gecode/kernel/propagator/wait.hpp: At global scope:
/usr/local/include/gecode/kernel/propagator/wait.hpp:148:25: error: 'std::function' has not been declared
  148 |                         std::function<void(Space& home)> c) {
      |                         ^~~
/usr/local/include/gecode/kernel/propagator/wait.hpp:148:38: error: expected ',' or '...' before '<' token
  148 |                         std::function<void(Space& home)> c) {
      |                                      ^
/usr/local/include/gecode/kernel/propagator/wait.hpp: In static member function 'static Gecode::ExecStatus Gecode::UnaryWait<View>::post(Gecode::Home, View, int)':
/usr/local/include/gecode/kernel/propagator/wait.hpp:149:10: error: invalid use of member 'Gecode::UnaryWait<View>::c' in static member function
  149 |     if (!c)
      |          ^
/usr/local/include/gecode/kernel/propagator/wait.hpp:48:50: note: declared here
   48 |     SharedData<std::function<void(Space& home)>> c;
      |                                                  ^
/usr/local/include/gecode/kernel/propagator/wait.hpp:152:7: error: invalid use of member 'Gecode::UnaryWait<View>::c' in static member function
  152 |       c(home);
      |       ^
/usr/local/include/gecode/kernel/propagator/wait.hpp:48:50: note: declared here
   48 |     SharedData<std::function<void(Space& home)>> c;
      |                                                  ^
/usr/local/include/gecode/kernel/propagator/wait.hpp:155:48: error: invalid use of member 'Gecode::UnaryWait<View>::c' in static member function
  155 |       (void) new (home) UnaryWait<View>(home,x,c);
      |                                                ^
/usr/local/include/gecode/kernel/propagator/wait.hpp:48:50: note: declared here
   48 |     SharedData<std::function<void(Space& home)>> c;
      |                                                  ^
/usr/local/include/gecode/kernel/propagator/wait.hpp: In member function 'virtual size_t Gecode::UnaryWait<View>::dispose(Gecode::Space&)':
/usr/local/include/gecode/kernel/propagator/wait.hpp:164:24: error: 'function' is not a member of 'std'
  164 |     c.~SharedData<std::function<void(Space& home)>>();
      |                        ^~~~~~~~
/usr/local/include/gecode/kernel/propagator/wait.hpp:164:24: note: 'std::function' is defined in header '<functional>'; did you forget to '#include <functional>'?
/usr/local/include/gecode/kernel/propagator/wait.hpp:164:50: error: template argument 1 is invalid
  164 |     c.~SharedData<std::function<void(Space& home)>>();
      |                                                  ^~
/usr/local/include/gecode/kernel/propagator/wait.hpp:164:8: error: expected identifier
  164 |     c.~SharedData<std::function<void(Space& home)>>();
      |        ^~~~~~~~~~~~~~~~~~~~~~~~~~~~~~~~~~~~~~~~~~~~
/usr/local/include/gecode/kernel/propagator/wait.hpp: At global scope:
/usr/local/include/gecode/kernel/propagator/wait.hpp:177:28: error: 'std::function' has not been declared
  177 |                            std::function<void(Space& home)> c0)
      |                            ^~~
/usr/local/include/gecode/kernel/propagator/wait.hpp:177:41: error: expected ',' or '...' before '<' token
  177 |                            std::function<void(Space& home)> c0)
      |                                         ^
/usr/local/include/gecode/kernel/propagator/wait.hpp: In constructor 'Gecode::NaryWait<View>::NaryWait(Gecode::Home, Gecode::ViewArray<ViewX>&, int)':
/usr/local/include/gecode/kernel/propagator/wait.hpp:178:34: error: 'c0' was not declared in this scope; did you mean 'c'?
  178 |     : Propagator(home), x(x0), c(c0) {
      |                                  ^~
      |                                  c
/usr/local/include/gecode/kernel/propagator/wait.hpp: In member function 'virtual Gecode::ExecStatus Gecode::NaryWait<View>::propagate(Gecode::Space&, const ModEventDelta&)':
/usr/local/include/gecode/kernel/propagator/wait.hpp:220:8: error: expression cannot be used as a function
  220 |       c()(home);
      |       ~^~
/usr/local/include/gecode/kernel/propagator/wait.hpp: At global scope:
/usr/local/include/gecode/kernel/propagator/wait.hpp:233:24: error: 'std::function' has not been declared
  233 |                        std::function<void(Space& home)> c) {
      |                        ^~~
/usr/local/include/gecode/kernel/propagator/wait.hpp:233:37: error: expected ',' or '...' before '<' token
  233 |                        std::function<void(Space& home)> c) {
      |                                     ^
/usr/local/include/gecode/kernel/propagator/wait.hpp: In static member function 'static Gecode::ExecStatus Gecode::NaryWait<View>::post(Gecode::Home, Gecode::ViewArray<ViewX>&, int)':
/usr/local/include/gecode/kernel/propagator/wait.hpp:234:10: error: invalid use of member 'Gecode::NaryWait<View>::c' in static member function
  234 |     if (!c)
      |          ^
/usr/local/include/gecode/kernel/propagator/wait.hpp:81:50: note: declared here
   81 |     SharedData<std::function<void(Space& home)>> c;
      |                                                  ^
/usr/local/include/gecode/kernel/propagator/wait.hpp:240:7: error: invalid use of member 'Gecode::NaryWait<View>::c' in static member function
  240 |       c(home);
      |       ^
/usr/local/include/gecode/kernel/propagator/wait.hpp:81:50: note: declared here
   81 |     SharedData<std::function<void(Space& home)>> c;
      |                                                  ^
/usr/local/include/gecode/kernel/propagator/wait.hpp:245:48: error: invalid use of member 'Gecode::NaryWait<View>::c' in static member function
  245 |         return UnaryWait<View>::post(home,x[0],c);
      |                                                ^
/usr/local/include/gecode/kernel/propagator/wait.hpp:81:50: note: declared here
   81 |     SharedData<std::function<void(Space& home)>> c;
      |                                                  ^
/usr/local/include/gecode/kernel/propagator/wait.hpp:247:49: error: invalid use of member 'Gecode::NaryWait<View>::c' in static member function
  247 |         (void) new (home) NaryWait<View>(home,x,c);
      |                                                 ^
/usr/local/include/gecode/kernel/propagator/wait.hpp:81:50: note: declared here
   81 |     SharedData<std::function<void(Space& home)>> c;
      |                                                  ^
/usr/local/include/gecode/kernel/propagator/wait.hpp: In member function 'virtual size_t Gecode::NaryWait<View>::dispose(Gecode::Space&)':
/usr/local/include/gecode/kernel/propagator/wait.hpp:258:24: error: 'function' is not a member of 'std'
  258 |     c.~SharedData<std::function<void(Space& home)>>();
      |                        ^~~~~~~~
/usr/local/include/gecode/kernel/propagator/wait.hpp:258:24: note: 'std::function' is defined in header '<functional>'; did you forget to '#include <functional>'?
/usr/local/include/gecode/kernel/propagator/wait.hpp:258:50: error: template argument 1 is invalid
  258 |     c.~SharedData<std::function<void(Space& home)>>();
      |                                                  ^~
/usr/local/include/gecode/kernel/propagator/wait.hpp:258:8: error: expected identifier
  258 |     c.~SharedData<std::function<void(Space& home)>>();
      |        ^~~~~~~~~~~~~~~~~~~~~~~~~~~~~~~~~~~~~~~~~~~~
In file included from conftest.cpp:23:
/usr/local/include/gecode/kernel.hh: At global scope:
/usr/local/include/gecode/kernel.hh:222:21: error: 'std::function' has not been declared
  222 |   branch(Home home, std::function<void(Space& home)> f);
      |                     ^~~
/usr/local/include/gecode/kernel.hh:222:34: error: expected ',' or '...' before '<' token
  222 |   branch(Home home, std::function<void(Space& home)> f);
      |                                  ^
In file included from /usr/local/include/gecode/kernel.hh:231,
                 from conftest.cpp:23:
/usr/local/include/gecode/kernel/branch/var.hpp:47:16: error: 'function' in namespace 'std' does not name a template type
   47 |   typedef std::function<double(const Space& home, double w, double b)>
      |                ^~~~~~~~
/usr/local/include/gecode/kernel/branch/var.hpp:1:1: note: 'std::function' is defined in header '<functional>'; did you forget to '#include <functional>'?
    1 | /* -*- mode: C++; c-basic-offset: 2; indent-tabs-mode: nil -*- */
/usr/local/include/gecode/kernel/branch/var.hpp:61:5: error: 'BranchTbl' does not name a type; did you mean 'Branchers'?
   61 |     BranchTbl _tbl;
      |     ^~~~~~~~~
      |     Branchers
/usr/local/include/gecode/kernel/branch/var.hpp:78:24: error: expected ')' before 't'
   78 |     VarBranch(BranchTbl t);
      |              ~         ^~
      |                        )
/usr/local/include/gecode/kernel/branch/var.hpp:82:25: error: 'BranchTbl' has not been declared
   82 |     VarBranch(double d, BranchTbl t);
      |                         ^~~~~~~~~
/usr/local/include/gecode/kernel/branch/var.hpp:84:22: error: 'BranchTbl' has not been declared
   84 |     VarBranch(AFC a, BranchTbl t);
      |                      ^~~~~~~~~
/usr/local/include/gecode/kernel/branch/var.hpp:86:25: error: 'BranchTbl' has not been declared
   86 |     VarBranch(Action a, BranchTbl t);
      |                         ^~~~~~~~~
/usr/local/include/gecode/kernel/branch/var.hpp:88:22: error: 'BranchTbl' has not been declared
   88 |     VarBranch(CHB c, BranchTbl t);
      |                      ^~~~~~~~~
/usr/local/include/gecode/kernel/branch/var.hpp:90:32: error: 'BranchTbl' has not been declared
   90 |     VarBranch(MeritFunction f, BranchTbl t);
      |                                ^~~~~~~~~
/usr/local/include/gecode/kernel/branch/var.hpp:92:5: error: 'BranchTbl' does not name a type; did you mean 'Branchers'?
   92 |     BranchTbl tbl(void) const;
      |     ^~~~~~~~~
      |     Branchers
/usr/local/include/gecode/kernel/branch/var.hpp: In constructor 'Gecode::VarBranch<Var>::VarBranch()':
/usr/local/include/gecode/kernel/branch/var.hpp:117:7: error: class 'Gecode::VarBranch<Var>' does not have any field named '_tbl'
  117 |     : _tbl(nullptr), _decay(1.0) {}
      |       ^~~~
/usr/local/include/gecode/kernel/branch/var.hpp: At global scope:
/usr/local/include/gecode/kernel/branch/var.hpp:121:3: error: 'int Gecode::VarBranch<Var>::VarBranch' is not a static data member of 'class Gecode::VarBranch<Var>'
  121 |   VarBranch<Var>::VarBranch(BranchTbl t)
      |   ^~~~~~~~~~~~~~
/usr/local/include/gecode/kernel/branch/var.hpp:121:29: error: template definition of non-template 'int Gecode::VarBranch<Var>::VarBranch'
  121 |   VarBranch<Var>::VarBranch(BranchTbl t)
      |                             ^~~~~~~~~
/usr/local/include/gecode/kernel/branch/var.hpp:121:29: error: 'BranchTbl' was not declared in this scope; did you mean 'Branchers'?
  121 |   VarBranch<Var>::VarBranch(BranchTbl t)
      |                             ^~~~~~~~~
      |                             Branchers
/usr/local/include/gecode/kernel/branch/var.hpp:126:39: error: 'BranchTbl' has not been declared
  126 |   VarBranch<Var>::VarBranch(double d, BranchTbl t)
      |                                       ^~~~~~~~~
/usr/local/include/gecode/kernel/branch/var.hpp: In constructor 'Gecode::VarBranch<Var>::VarBranch(double, int)':
/usr/local/include/gecode/kernel/branch/var.hpp:127:7: error: class 'Gecode::VarBranch<Var>' does not have any field named '_tbl'
  127 |     : _tbl(t), _decay(d) {}
      |       ^~~~
/usr/local/include/gecode/kernel/branch/var.hpp: At global scope:
/usr/local/include/gecode/kernel/branch/var.hpp:131:36: error: 'BranchTbl' has not been declared
  131 |   VarBranch<Var>::VarBranch(AFC a, BranchTbl t)
      |                                    ^~~~~~~~~
/usr/local/include/gecode/kernel/branch/var.hpp: In constructor 'Gecode::VarBranch<Var>::VarBranch(Gecode::AFC, int)':
/usr/local/include/gecode/kernel/branch/var.hpp:132:7: error: class 'Gecode::VarBranch<Var>' does not have any field named '_tbl'
  132 |     : _tbl(t), _decay(1.0), _afc(a) {
      |       ^~~~
/usr/local/include/gecode/kernel/branch/var.hpp: At global scope:
/usr/local/include/gecode/kernel/branch/var.hpp:139:39: error: 'BranchTbl' has not been declared
  139 |   VarBranch<Var>::VarBranch(Action a, BranchTbl t)
      |                                       ^~~~~~~~~
/usr/local/include/gecode/kernel/branch/var.hpp: In constructor 'Gecode::VarBranch<Var>::VarBranch(Gecode::Action, int)':
/usr/local/include/gecode/kernel/branch/var.hpp:140:7: error: class 'Gecode::VarBranch<Var>' does not have any field named '_tbl'
  140 |     : _tbl(t), _decay(1.0), _act(a) {
      |       ^~~~
/usr/local/include/gecode/kernel/branch/var.hpp: At global scope:
/usr/local/include/gecode/kernel/branch/var.hpp:147:36: error: 'BranchTbl' has not been declared
  147 |   VarBranch<Var>::VarBranch(CHB c, BranchTbl t)
      |                                    ^~~~~~~~~
/usr/local/include/gecode/kernel/branch/var.hpp: In constructor 'Gecode::VarBranch<Var>::VarBranch(Gecode::CHB, int)':
/usr/local/include/gecode/kernel/branch/var.hpp:148:7: error: class 'Gecode::VarBranch<Var>' does not have any field named '_tbl'
  148 |     : _tbl(t), _decay(1.0), _chb(c) {
      |       ^~~~
/usr/local/include/gecode/kernel/branch/var.hpp: In constructor 'Gecode::VarBranch<Var>::VarBranch(Gecode::Rnd)':
/usr/local/include/gecode/kernel/branch/var.hpp:156:7: error: class 'Gecode::VarBranch<Var>' does not have any field named '_tbl'
  156 |     : _tbl(nullptr), _rnd(r), _decay(1.0) {
      |       ^~~~
/usr/local/include/gecode/kernel/branch/var.hpp: At global scope:
/usr/local/include/gecode/kernel/branch/var.hpp:163:46: error: 'BranchTbl' has not been declared
  163 |   VarBranch<Var>::VarBranch(MeritFunction f, BranchTbl t)
      |                                              ^~~~~~~~~
/usr/local/include/gecode/kernel/branch/var.hpp: In constructor 'Gecode::VarBranch<Var>::VarBranch(Gecode::VarBranch<Var>::MeritFunction, int)':
/usr/local/include/gecode/kernel/branch/var.hpp:164:7: error: class 'Gecode::VarBranch<Var>' does not have any field named '_tbl'
  164 |     : _tbl(t), _decay(1.0), _mf(f) {}
      |       ^~~~
/usr/local/include/gecode/kernel/branch/var.hpp: At global scope:
/usr/local/include/gecode/kernel/branch/var.hpp:167:10: error: 'BranchTbl' does not name a type; did you mean 'Branchers'?
  167 |   inline BranchTbl
      |          ^~~~~~~~~
      |          Branchers
In file included from /usr/local/include/gecode/kernel.hh:235,
                 from conftest.cpp:23:
/usr/local/include/gecode/kernel/branch/filter.hpp:40:29: error: 'function' in namespace 'std' does not name a template type
   40 |   using BranchFilter = std::function<bool(const Space& home,
      |                             ^~~~~~~~
/usr/local/include/gecode/kernel/branch/filter.hpp:1:1: note: 'std::function' is defined in header '<functional>'; did you forget to '#include <functional>'?
    1 | /* -*- mode: C++; c-basic-offset: 2; indent-tabs-mode: nil -*- */
/usr/local/include/gecode/kernel/branch/filter.hpp:50:16: error: 'BranchFilter' was not declared in this scope; did you mean 'BrancherFilter'?
   50 |     SharedData<BranchFilter<Var>> f;
      |                ^~~~~~~~~~~~
      |                BrancherFilter
/usr/local/include/gecode/kernel/branch/filter.hpp:50:29: error: template argument 1 is invalid
   50 |     SharedData<BranchFilter<Var>> f;
      |                             ^~~
/usr/local/include/gecode/kernel/branch/filter.hpp:50:32: error: expected unqualified-id before '>' token
   50 |     SharedData<BranchFilter<Var>> f;
      |                                ^~
/usr/local/include/gecode/kernel/branch/filter.hpp:53:32: error: expected ')' before '<' token
   53 |     BrancherFilter(BranchFilter<Var> bf);
      |                   ~            ^
      |                                )
/usr/local/include/gecode/kernel/branch/filter.hpp:74:34: error: expected ')' before '<' token
   74 |     BrancherNoFilter(BranchFilter<Var> bf);
      |                     ~            ^
      |                                  )
/usr/local/include/gecode/kernel/branch/filter.hpp:90:3: error: 'int Gecode::BrancherFilter<View>::BrancherFilter' is not a static data member of 'class Gecode::BrancherFilter<View>'
   90 |   BrancherFilter<View>::BrancherFilter(BranchFilter<Var> bf) : f(bf) {
      |   ^~~~~~~~~~~~~~~~~~~~
/usr/local/include/gecode/kernel/branch/filter.hpp:90:40: error: template definition of non-template 'int Gecode::BrancherFilter<View>::BrancherFilter'
   90 |   BrancherFilter<View>::BrancherFilter(BranchFilter<Var> bf) : f(bf) {
      |                                        ^~~~~~~~~~~~
/usr/local/include/gecode/kernel/branch/filter.hpp:90:40: error: 'BranchFilter' was not declared in this scope; did you mean 'BrancherFilter'?
   90 |   BrancherFilter<View>::BrancherFilter(BranchFilter<Var> bf) : f(bf) {
      |                                        ^~~~~~~~~~~~
      |                                        BrancherFilter
/usr/local/include/gecode/kernel/branch/filter.hpp:90:56: error: expected primary-expression before '>' token
   90 |   BrancherFilter<View>::BrancherFilter(BranchFilter<Var> bf) : f(bf) {
      |                                                        ^
/usr/local/include/gecode/kernel/branch/filter.hpp:90:58: error: 'bf' was not declared in this scope
   90 |   BrancherFilter<View>::BrancherFilter(BranchFilter<Var> bf) : f(bf) {
      |                                                          ^~
/usr/local/include/gecode/kernel/branch/filter.hpp: In copy constructor 'Gecode::BrancherFilter<View>::BrancherFilter(Gecode::BrancherFilter<View>&)':
/usr/local/include/gecode/kernel/branch/filter.hpp:98:7: error: class 'Gecode::BrancherFilter<View>' does not have any field named 'f'
   98 |     : f(bf.f) {
      |       ^
/usr/local/include/gecode/kernel/branch/filter.hpp: In member function 'bool Gecode::BrancherFilter<View>::operator()(const Gecode::Space&, View, int) const':
/usr/local/include/gecode/kernel/branch/filter.hpp:112:12: error: there are no arguments to 'f' that depend on a template parameter, so a declaration of 'f' must be available [-fpermissive]
  112 |     return f()(home,xv,i);
      |            ^
/usr/local/include/gecode/kernel/branch/filter.hpp:112:12: note: (if you use '-fpermissive', G++ will accept your code, but allowing the use of an undeclared name is deprecated)
/usr/local/include/gecode/kernel/branch/filter.hpp: In member function 'void Gecode::BrancherFilter<View>::dispose(Gecode::Space&)':
/usr/local/include/gecode/kernel/branch/filter.hpp:124:5: error: 'f' was not declared in this scope
  124 |     f.~SharedData<BranchFilter<Var>>();
      |     ^
/usr/local/include/gecode/kernel/branch/filter.hpp:124:19: error: 'BranchFilter' was not declared in this scope; did you mean 'BrancherFilter'?
  124 |     f.~SharedData<BranchFilter<Var>>();
      |                   ^~~~~~~~~~~~
      |                   BrancherFilter
/usr/local/include/gecode/kernel/branch/filter.hpp:124:32: error: template argument 1 is invalid
  124 |     f.~SharedData<BranchFilter<Var>>();
      |                                ^~~
/usr/local/include/gecode/kernel/branch/filter.hpp:124:8: error: expected identifier
  124 |     f.~SharedData<BranchFilter<Var>>();
      |        ^~~~~~~~~~~~~~~~~~~~~~~~~~~
/usr/local/include/gecode/kernel/branch/filter.hpp: At global scope:
/usr/local/include/gecode/kernel/branch/filter.hpp:130:3: error: 'int Gecode::BrancherNoFilter<View>::BrancherNoFilter' is not a static data member of 'class Gecode::BrancherNoFilter<View>'
  130 |   BrancherNoFilter<View>::BrancherNoFilter(BranchFilter<Var> bf) {
      |   ^~~~~~~~~~~~~~~~~~~~~~
/usr/local/include/gecode/kernel/branch/filter.hpp:130:44: error: template definition of non-template 'int Gecode::BrancherNoFilter<View>::BrancherNoFilter'
  130 |   BrancherNoFilter<View>::BrancherNoFilter(BranchFilter<Var> bf) {
      |                                            ^~~~~~~~~~~~
/usr/local/include/gecode/kernel/branch/filter.hpp:130:44: error: 'BranchFilter' was not declared in this scope; did you mean 'BrancherFilter'?
  130 |   BrancherNoFilter<View>::BrancherNoFilter(BranchFilter<Var> bf) {
      |                                            ^~~~~~~~~~~~
      |                                            BrancherFilter
/usr/local/include/gecode/kernel/branch/filter.hpp:130:60: error: expected primary-expression before '>' token
  130 |   BrancherNoFilter<View>::BrancherNoFilter(BranchFilter<Var> bf) {
      |                                                            ^
/usr/local/include/gecode/kernel/branch/filter.hpp:130:62: error: 'bf' was not declared in this scope
  130 |   BrancherNoFilter<View>::BrancherNoFilter(BranchFilter<Var> bf) {
      |                                                              ^~
In file included from /usr/local/include/gecode/kernel.hh:236,
                 from conftest.cpp:23:
/usr/local/include/gecode/kernel/branch/view-sel.hpp:263:16: error: 'BranchTbl' was not declared in this scope; did you mean 'Branchers'?
  263 |     SharedData<BranchTbl> tbl;
      |                ^~~~~~~~~
      |                Branchers
/usr/local/include/gecode/kernel/branch/view-sel.hpp:263:25: error: template argument 1 is invalid
  263 |     SharedData<BranchTbl> tbl;
      |                         ^
/usr/local/include/gecode/kernel/branch/view-sel.hpp: In constructor 'Gecode::ViewSelChooseTbl<Choose, Merit>::ViewSelChooseTbl(Gecode::Space&, const Gecode::VarBranch<typename Gecode::ViewSelChoose<Choose, Merit>::Var>&)':
/usr/local/include/gecode/kernel/branch/view-sel.hpp:705:13: error: expression cannot be used as a function
  705 |     if (!tbl())
      |          ~~~^~
/usr/local/include/gecode/kernel/branch/view-sel.hpp: In member function 'virtual void Gecode::ViewSelChooseTbl<Choose, Merit>::ties(Gecode::Space&, Gecode::ViewArray<typename Gecode::ViewSelChoose<Choose, Merit>::View>&, int, int*, int&)':
/usr/local/include/gecode/kernel/branch/view-sel.hpp:733:19: error: expression cannot be used as a function
  733 |     double l = tbl()(home,static_cast<double>(w),static_cast<double>(b));
      |                ~~~^~
/usr/local/include/gecode/kernel/branch/view-sel.hpp: In member function 'virtual void Gecode::ViewSelChooseTbl<Choose, Merit>::ties(Gecode::Space&, Gecode::ViewArray<typename Gecode::ViewSelChoose<Choose, Merit>::View>&, int, int*, int&, Gecode::BrancherFilter<typename Gecode::ViewSelChoose<Choose, Merit>::View>&)':
/usr/local/include/gecode/kernel/branch/view-sel.hpp:775:19: error: expression cannot be used as a function
  775 |     double l = tbl()(home,static_cast<double>(w),static_cast<double>(b));
      |                ~~~^~
/usr/local/include/gecode/kernel/branch/view-sel.hpp: In member function 'virtual void Gecode::ViewSelChooseTbl<Choose, Merit>::brk(Gecode::Space&, Gecode::ViewArray<typename Gecode::ViewSelChoose<Choose, Merit>::View>&, int*, int&)':
/usr/local/include/gecode/kernel/branch/view-sel.hpp:815:19: error: expression cannot be used as a function
  815 |     double l = tbl()(home,static_cast<double>(w),static_cast<double>(b));
      |                ~~~^~
/usr/local/include/gecode/kernel/branch/view-sel.hpp: In member function 'virtual void Gecode::ViewSelChooseTbl<Choose, Merit>::dispose(Gecode::Space&)':
/usr/local/include/gecode/kernel/branch/view-sel.hpp:840:21: error: 'BranchTbl' was not declared in this scope; did you mean 'Branchers'?
  840 |     tbl.~SharedData<BranchTbl>();
      |                     ^~~~~~~~~
      |                     Branchers
/usr/local/include/gecode/kernel/branch/view-sel.hpp:840:30: error: template argument 1 is invalid
  840 |     tbl.~SharedData<BranchTbl>();
      |                              ^
In file included from /usr/local/include/gecode/kernel.hh:237,
                 from conftest.cpp:23:
/usr/local/include/gecode/kernel/branch/print.hpp: At global scope:
/usr/local/include/gecode/kernel/branch/print.hpp:40:28: error: 'function' in namespace 'std' does not name a template type
   40 |   using VarValPrint = std::function<void(const Space& home, const Brancher& b,
      |                            ^~~~~~~~
/usr/local/include/gecode/kernel/branch/print.hpp:1:1: note: 'std::function' is defined in header '<functional>'; did you forget to '#include <functional>'?
    1 | /* -*- mode: C++; c-basic-offset: 2; indent-tabs-mode: nil -*- */
/usr/local/include/gecode/kernel/branch/print.hpp:52:16: error: 'VarValPrint' was not declared in this scope
   52 |     SharedData<VarValPrint<Var,Val>> p;
      |                ^~~~~~~~~~~
/usr/local/include/gecode/kernel/branch/print.hpp:52:32: error: wrong number of template arguments (2, should be 1)
   52 |     SharedData<VarValPrint<Var,Val>> p;
      |                                ^~~
In file included from /usr/local/include/gecode/kernel.hh:178,
                 from conftest.cpp:23:
/usr/local/include/gecode/kernel/data/shared-data.hpp:38:9: note: provided for 'template<class Data> class Gecode::SharedData'
   38 |   class SharedData : public SharedHandle {
      |         ^~~~~~~~~~
In file included from /usr/local/include/gecode/kernel.hh:237,
                 from conftest.cpp:23:
/usr/local/include/gecode/kernel/branch/print.hpp:52:35: error: expected unqualified-id before '>' token
   52 |     SharedData<VarValPrint<Var,Val>> p;
      |                                   ^~
/usr/local/include/gecode/kernel/branch/print.hpp:55:30: error: expected ')' before '<' token
   55 |     BrancherPrint(VarValPrint<Var,Val> vvp);
      |                  ~           ^
      |                              )
/usr/local/include/gecode/kernel/branch/print.hpp:79:32: error: expected ')' before '<' token
   79 |     BrancherNoPrint(VarValPrint<Var,Val> vvp);
      |                    ~           ^
      |                                )
/usr/local/include/gecode/kernel/branch/print.hpp:99:3: error: 'int Gecode::BrancherPrint<View, Val>::BrancherPrint' is not a static data member of 'class Gecode::BrancherPrint<View, Val>'
   99 |   BrancherPrint<View,Val>::BrancherPrint(VarValPrint<Var,Val> vvp) : p(vvp) {
      |   ^~~~~~~~~~~~~~~~~~~~~~~
/usr/local/include/gecode/kernel/branch/print.hpp:99:42: error: template definition of non-template 'int Gecode::BrancherPrint<View, Val>::BrancherPrint'
   99 |   BrancherPrint<View,Val>::BrancherPrint(VarValPrint<Var,Val> vvp) : p(vvp) {
      |                                          ^~~~~~~~~~~
/usr/local/include/gecode/kernel/branch/print.hpp:99:42: error: 'VarValPrint' was not declared in this scope
/usr/local/include/gecode/kernel/branch/print.hpp:99:57: error: expected primary-expression before ',' token
   99 |   BrancherPrint<View,Val>::BrancherPrint(VarValPrint<Var,Val> vvp) : p(vvp) {
      |                                                         ^
/usr/local/include/gecode/kernel/branch/print.hpp:99:61: error: expected primary-expression before '>' token
   99 |   BrancherPrint<View,Val>::BrancherPrint(VarValPrint<Var,Val> vvp) : p(vvp) {
      |                                                             ^
/usr/local/include/gecode/kernel/branch/print.hpp:99:63: error: 'vvp' was not declared in this scope
   99 |   BrancherPrint<View,Val>::BrancherPrint(VarValPrint<Var,Val> vvp) : p(vvp) {
      |                                                               ^~~
/usr/local/include/gecode/kernel/branch/print.hpp: In copy constructor 'Gecode::BrancherPrint<View, Val>::BrancherPrint(Gecode::BrancherPrint<View, Val>&)':
/usr/local/include/gecode/kernel/branch/print.hpp:107:7: error: class 'Gecode::BrancherPrint<View, Val>' does not have any field named 'p'
  107 |     : p(bp.p) {
      |       ^
/usr/local/include/gecode/kernel/branch/print.hpp: In member function 'void Gecode::BrancherPrint<View, Val>::operator()(const Gecode::Space&, const Gecode::Brancher&, unsigned int, View, int, const Val&, std::ostream&) const':
/usr/local/include/gecode/kernel/branch/print.hpp:124:5: error: there are no arguments to 'p' that depend on a template parameter, so a declaration of 'p' must be available [-fpermissive]
  124 |     p()(home,b,a,xv,i,m,o);
      |     ^
/usr/local/include/gecode/kernel/branch/print.hpp: In member function 'void Gecode::BrancherPrint<View, Val>::dispose(Gecode::Space&)':
/usr/local/include/gecode/kernel/branch/print.hpp:136:5: error: 'p' was not declared in this scope
  136 |     p.~SharedData<VarValPrint<Var,Val>>();
      |     ^
/usr/local/include/gecode/kernel/branch/print.hpp:136:19: error: 'VarValPrint' was not declared in this scope
  136 |     p.~SharedData<VarValPrint<Var,Val>>();
      |                   ^~~~~~~~~~~
/usr/local/include/gecode/kernel/branch/print.hpp:136:35: error: wrong number of template arguments (2, should be 1)
  136 |     p.~SharedData<VarValPrint<Var,Val>>();
      |                                   ^~~
In file included from /usr/local/include/gecode/kernel.hh:178,
                 from conftest.cpp:23:
/usr/local/include/gecode/kernel/data/shared-data.hpp:38:9: note: provided for 'template<class Data> class Gecode::SharedData'
   38 |   class SharedData : public SharedHandle {
      |         ^~~~~~~~~~
In file included from /usr/local/include/gecode/kernel.hh:237,
                 from conftest.cpp:23:
/usr/local/include/gecode/kernel/branch/print.hpp:136:8: error: expected identifier
  136 |     p.~SharedData<VarValPrint<Var,Val>>();
      |        ^~~~~~~~~~~~~~~~~~~~~~~~~~~~~~
/usr/local/include/gecode/kernel/branch/print.hpp: At global scope:
/usr/local/include/gecode/kernel/branch/print.hpp:142:3: error: 'int Gecode::BrancherNoPrint<View, Val>::BrancherNoPrint' is not a static data member of 'class Gecode::BrancherNoPrint<View, Val>'
  142 |   BrancherNoPrint<View,Val>::BrancherNoPrint(VarValPrint<Var,Val> vvp) {
      |   ^~~~~~~~~~~~~~~~~~~~~~~~~
/usr/local/include/gecode/kernel/branch/print.hpp:142:46: error: template definition of non-template 'int Gecode::BrancherNoPrint<View, Val>::BrancherNoPrint'
  142 |   BrancherNoPrint<View,Val>::BrancherNoPrint(VarValPrint<Var,Val> vvp) {
      |                                              ^~~~~~~~~~~
/usr/local/include/gecode/kernel/branch/print.hpp:142:46: error: 'VarValPrint' was not declared in this scope
/usr/local/include/gecode/kernel/branch/print.hpp:142:61: error: expected primary-expression before ',' token
  142 |   BrancherNoPrint<View,Val>::BrancherNoPrint(VarValPrint<Var,Val> vvp) {
      |                                                             ^
/usr/local/include/gecode/kernel/branch/print.hpp:142:65: error: expected primary-expression before '>' token
  142 |   BrancherNoPrint<View,Val>::BrancherNoPrint(VarValPrint<Var,Val> vvp) {
      |                                                                 ^
/usr/local/include/gecode/kernel/branch/print.hpp:142:67: error: 'vvp' was not declared in this scope
  142 |   BrancherNoPrint<View,Val>::BrancherNoPrint(VarValPrint<Var,Val> vvp) {
      |                                                                   ^~~
In file included from /usr/local/include/gecode/kernel.hh:238,
                 from conftest.cpp:23:
/usr/local/include/gecode/kernel/branch/view.hpp:98:18: error: 'BranchFilter' has not been declared
   98 |                  BranchFilter<Var> bf);
      |                  ^~~~~~~~~~~~
/usr/local/include/gecode/kernel/branch/view.hpp:98:30: error: expected ',' or '...' before '<' token
   98 |                  BranchFilter<Var> bf);
      |                              ^
/usr/local/include/gecode/kernel/branch/view.hpp:139:45: error: 'BranchFilter' has not been declared
  139 |                                             BranchFilter<Var> bf)
      |                                             ^~~~~~~~~~~~
/usr/local/include/gecode/kernel/branch/view.hpp:139:57: error: expected ',' or '...' before '<' token
  139 |                                             BranchFilter<Var> bf)
      |                                                         ^
/usr/local/include/gecode/kernel/branch/view.hpp: In constructor 'Gecode::ViewBrancher<View, Filter, n>::ViewBrancher(Gecode::Home, Gecode::ViewArray<ViewX>&, Gecode::ViewSel<View>**, int)':
/usr/local/include/gecode/kernel/branch/view.hpp:140:42: error: 'bf' was not declared in this scope; did you mean 'f'?
  140 |     : Brancher(home), x(x0), start(0), f(bf) {
      |                                          ^~
      |                                          f
In file included from /usr/local/include/gecode/kernel.hh:242,
                 from conftest.cpp:23:
/usr/local/include/gecode/kernel/branch/view-val.hpp: At global scope:
/usr/local/include/gecode/kernel/branch/view-val.hpp:109:21: error: 'BranchFilter' has not been declared
  109 |                     BranchFilter<Var> bf,
      |                     ^~~~~~~~~~~~
/usr/local/include/gecode/kernel/branch/view-val.hpp:109:33: error: expected ',' or '...' before '<' token
  109 |                     BranchFilter<Var> bf,
      |                                 ^
/usr/local/include/gecode/kernel/branch/view-val.hpp:138:22: error: 'BranchFilter' has not been declared
  138 |                      BranchFilter<Var> bf,
      |                      ^~~~~~~~~~~~
/usr/local/include/gecode/kernel/branch/view-val.hpp:138:34: error: expected ',' or '...' before '<' token
  138 |                      BranchFilter<Var> bf,
      |                                  ^
/usr/local/include/gecode/kernel/branch/view-val.hpp:149:23: error: 'BranchFilter' has not been declared
  149 |                       BranchFilter<typename View::VarType> bf,
      |                       ^~~~~~~~~~~~
/usr/local/include/gecode/kernel/branch/view-val.hpp:149:35: error: expected ',' or '...' before '<' token
  149 |                       BranchFilter<typename View::VarType> bf,
      |                                   ^
/usr/local/include/gecode/kernel/branch/view-val.hpp:232:19: error: 'BranchFilter' has not been declared
  232 |                   BranchFilter<Var> bf,
      |                   ^~~~~~~~~~~~
/usr/local/include/gecode/kernel/branch/view-val.hpp:232:31: error: expected ',' or '...' before '<' token
  232 |                   BranchFilter<Var> bf,
      |                               ^
/usr/local/include/gecode/kernel/branch/view-val.hpp: In constructor 'Gecode::ViewValBrancher<View, n, Val, a, Filter, Print>::ViewValBrancher(Gecode::Home, Gecode::ViewArray<ViewX>&, Gecode::ViewSel<View>**, Gecode::ValSelCommitBase<View, Val>*, int)':
/usr/local/include/gecode/kernel/branch/view-val.hpp:234:45: error: 'bf' was not declared in this scope; did you mean 'f'?
  234 |     : ViewBrancher<View,Filter,n>(home,x,vs,bf), vsc(vsc0), p(vvp) {
      |                                             ^~
      |                                             f
/usr/local/include/gecode/kernel/branch/view-val.hpp:234:63: error: 'vvp' was not declared in this scope
  234 |     : ViewBrancher<View,Filter,n>(home,x,vs,bf), vsc(vsc0), p(vvp) {
      |                                                               ^~~
/usr/local/include/gecode/kernel/branch/view-val.hpp: At global scope:
/usr/local/include/gecode/kernel/branch/view-val.hpp:245:8: error: 'BranchFilter' has not been declared
  245 |        BranchFilter<Var> bf,
      |        ^~~~~~~~~~~~
/usr/local/include/gecode/kernel/branch/view-val.hpp:245:20: error: expected ',' or '...' before '<' token
  245 |        BranchFilter<Var> bf,
      |                    ^
/usr/local/include/gecode/kernel/branch/view-val.hpp: In static member function 'static void Gecode::ViewValBrancher<View, n, Val, a, Filter, Print>::post(Gecode::Home, Gecode::ViewArray<ViewX>&, Gecode::ViewSel<View>**, Gecode::ValSelCommitBase<View, Val>*, int)':
/usr/local/include/gecode/kernel/branch/view-val.hpp:248:22: error: 'bf' was not declared in this scope; did you mean 'f'?
  248 |       (home,x,vs,vsc,bf,vvp);
      |                      ^~
      |                      f
/usr/local/include/gecode/kernel/branch/view-val.hpp:248:25: error: 'vvp' was not declared in this scope
  248 |       (home,x,vs,vsc,bf,vvp);
      |                         ^~~
/usr/local/include/gecode/kernel/branch/view-val.hpp: At global scope:
/usr/local/include/gecode/kernel/branch/view-val.hpp:345:23: error: 'BranchFilter' has not been declared
  345 |                       BranchFilter<typename View::VarType> bf,
      |                       ^~~~~~~~~~~~
/usr/local/include/gecode/kernel/branch/view-val.hpp:345:35: error: expected ',' or '...' before '<' token
  345 |                       BranchFilter<typename View::VarType> bf,
      |                                   ^
/usr/local/include/gecode/kernel/branch/view-val.hpp: In function 'void Gecode::postviewvalbrancher(Gecode::Home, Gecode::ViewArray<ViewX>&, Gecode::ViewSel<View>**, Gecode::ValSelCommitBase<View, Val>*, int)':
/usr/local/include/gecode/kernel/branch/view-val.hpp:347:9: error: 'bf' was not declared in this scope
  347 |     if (bf) {
      |         ^~
/usr/local/include/gecode/kernel/branch/view-val.hpp:348:11: error: 'vvp' was not declared in this scope
  348 |       if (vvp) {
      |           ^~~
/usr/local/include/gecode/kernel/branch/view-val.hpp:358:11: error: 'vvp' was not declared in this scope
  358 |       if (vvp)
      |           ^~~
configure:7588: $? = 1
configure: failed program was:
| /* confdefs.h */
| #define PACKAGE_NAME "CPSP"
| #define PACKAGE_TARNAME "cpsp"
| #define PACKAGE_VERSION "2.4.6"
| #define PACKAGE_STRING "CPSP 2.4.6"
| #define PACKAGE_BUGREPORT ""
| #define PACKAGE_URL "http://cpsp.informatik.uni-freiburg.de"
| #define NDEBUG 1
| #define PACKAGE "cpsp"
| #define VERSION "2.4.6"
| #define __cplusplus 1
| #define HAVE_STDIO_H 1
| #define HAVE_STDLIB_H 1
| #define HAVE_STRING_H 1
| #define HAVE_INTTYPES_H 1
| #define HAVE_STDINT_H 1
| #define HAVE_STRINGS_H 1
| #define HAVE_SYS_STAT_H 1
| #define HAVE_SYS_TYPES_H 1
| #define HAVE_UNISTD_H 1
| #define STDC_HEADERS 1
| /* end confdefs.h.  */
| #include <gecode/kernel.hh>
| int
| main (void)
| {
| return 0;
|   ;
|   return 0;
| }
configure:7597: result: no
configure:7631: 
configure:7633: the Gecode C++ library is required for building CPSP-tools.
configure:7635: it can be obtained from http://www.gecode.org.
configure:7637: 
configure:7643: if Gecode is installed elsewhere use --with-gecode=prefix.
configure:7653: 
configure:7655: error: library not found! Try './configure --help'.

## ---------------- ##
## Cache variables. ##
## ---------------- ##

ac_cv_build=x86_64-unknown-linux-gnu
ac_cv_c_compiler_gnu=yes
ac_cv_cxx_compiler_gnu=yes
ac_cv_env_CCC_set=
ac_cv_env_CCC_value=
ac_cv_env_CC_set=
ac_cv_env_CC_value=
ac_cv_env_CFLAGS_set=
ac_cv_env_CFLAGS_value=
ac_cv_env_CPPFLAGS_set=
ac_cv_env_CPPFLAGS_value=
ac_cv_env_CXXFLAGS_set=
ac_cv_env_CXXFLAGS_value=
ac_cv_env_CXX_set=
ac_cv_env_CXX_value=
ac_cv_env_DOXYGEN_PAPER_SIZE_set=
ac_cv_env_DOXYGEN_PAPER_SIZE_value=
ac_cv_env_LDFLAGS_set=
ac_cv_env_LDFLAGS_value=
ac_cv_env_LIBS_set=
ac_cv_env_LIBS_value=
ac_cv_env_build_alias_set=
ac_cv_env_build_alias_value=
ac_cv_env_host_alias_set=
ac_cv_env_host_alias_value=
ac_cv_env_target_alias_set=
ac_cv_env_target_alias_value=
ac_cv_header_inttypes_h=yes
ac_cv_header_stdint_h=yes
ac_cv_header_stdio_h=yes
ac_cv_header_stdlib_h=yes
ac_cv_header_string_h=yes
ac_cv_header_strings_h=yes
ac_cv_header_sys_stat_h=yes
ac_cv_header_sys_types_h=yes
ac_cv_header_unistd_h=yes
ac_cv_header_vector=no
ac_cv_host=x86_64-unknown-linux-gnu
ac_cv_objext=o
ac_cv_path_ac_pt_DX_PERL=/usr/bin/perl
ac_cv_path_install='/usr/bin/install -c'
ac_cv_path_mkdir=/usr/bin/mkdir
ac_cv_prog_AWK=gawk
ac_cv_prog_ac_ct_CC=gcc
ac_cv_prog_ac_ct_CXX=g++
ac_cv_prog_ac_ct_RANLIB=ranlib
ac_cv_prog_cc_c11=
ac_cv_prog_cc_g=yes
ac_cv_prog_cc_stdc=
ac_cv_prog_cxx_11=no
ac_cv_prog_cxx_cxx11=
ac_cv_prog_cxx_g=yes
ac_cv_prog_cxx_stdcxx=
ac_cv_prog_make_make_set=yes
ac_cv_type_size_t=yes
am_cv_CC_dependencies_compiler_type=gcc3
am_cv_CXX_dependencies_compiler_type=gcc3
am_cv_make_support_nested_variables=yes
am_cv_prog_cc_c_o=yes

## ----------------- ##
## Output variables. ##
## ----------------- ##

ACLOCAL='aclocal-1.16'
AMDEPBACKSLASH='\'
AMDEP_FALSE='#'
AMDEP_TRUE=''
AMTAR='$${TAR-tar}'
AM_BACKSLASH='\'
AM_DEFAULT_V='$(AM_DEFAULT_VERBOSITY)'
AM_DEFAULT_VERBOSITY='1'
AM_V='$(V)'
AUTOCONF='autoconf'
AUTOHEADER='autoheader'
AUTOMAKE='automake-1.16'
AWK='gawk'
CC='gcc'
CCDEPMODE='depmode=gcc3'
CFLAGS=''
CPPFLAGS=' -O3 '
CSCOPE='cscope'
CTAGS='ctags'
CXX='g++'
CXXDEPMODE='depmode=gcc3'
CXXFLAGS=''
CYGPATH_W='echo'
DEFS=''
DEPDIR='.deps'
DOXYGEN_PAPER_SIZE=''
DX_COND_chi_FALSE=''
DX_COND_chi_TRUE='#'
DX_COND_chm_FALSE=''
DX_COND_chm_TRUE='#'
DX_COND_doc_FALSE='#'
DX_COND_doc_TRUE=''
DX_COND_dot_FALSE='#'
DX_COND_dot_TRUE=''
DX_COND_html_FALSE='#'
DX_COND_html_TRUE=''
DX_COND_latex_FALSE=''
DX_COND_latex_TRUE='#'
DX_COND_man_FALSE=''
DX_COND_man_TRUE='#'
DX_COND_pdf_FALSE=''
DX_COND_pdf_TRUE='#'
DX_COND_ps_FALSE=''
DX_COND_ps_TRUE='#'
DX_COND_rtf_FALSE=''
DX_COND_rtf_TRUE='#'
DX_COND_xml_FALSE=''
DX_COND_xml_TRUE='#'
DX_CONFIG='misc/doxygen/doxygen.config'
DX_DOCDIR='doc'
DX_DOT=''
DX_DOXYGEN=''
DX_DVIPS=''
DX_EGREP=''
DX_ENV=' SRCDIR='\''..'\'' PROJECT='\''cpsp'\'' DOCDIR='\''doc'\'' VERSION='\''2.4.6'\'' PERL_PATH='\''/usr/bin/perl'\'' HAVE_DOT='\''YES'\'' DOT_PATH='\''.'\'' GENERATE_MAN='\''NO'\'' GENERATE_RTF='\''NO'\'' GENERATE_XML='\''NO'\'' GENERATE_HTMLHELP='\''NO'\'' GENERATE_CHI='\''NO'\'' GENERATE_HTML='\''YES'\'' GENERATE_LATEX='\''NO'\'''
DX_FLAG_DX_CURRENT_FEATURE='0'
DX_FLAG_chi='0'
DX_FLAG_chm='0'
DX_FLAG_doc='1'
DX_FLAG_dot='1'
DX_FLAG_html='1'
DX_FLAG_man='0'
DX_FLAG_pdf='0'
DX_FLAG_ps='0'
DX_FLAG_rtf='0'
DX_FLAG_xml='0'
DX_HHC=''
DX_LATEX=''
DX_MAKEINDEX=''
DX_PDFLATEX=''
DX_PERL='/usr/bin/perl'
DX_PROJECT='cpsp'
ECHO_C=''
ECHO_N='-n'
ECHO_T=''
ETAGS='etags'
EXEEXT=''
GLOBALCPPFLAGS=' -O3 '
GLOBALLDFLAGS=''
INSTALL_DATA='${INSTALL} -m 644'
INSTALL_PROGRAM='${INSTALL}'
INSTALL_SCRIPT='${INSTALL}'
INSTALL_STRIP_PROGRAM='$(install_sh) -c -s'
LDFLAGS=''
LIBOBJS=''
LIBS='-lgecodeminimodel -lgecodeint -lgecodesearch -lgecodekernel -lbiu '
LTLIBOBJS=''
MAKEINFO='makeinfo'
MKDIR_P='/usr/bin/mkdir -p'
OBJEXT='o'
PACKAGE='cpsp'
PACKAGE_BUGREPORT=''
PACKAGE_NAME='CPSP'
PACKAGE_STRING='CPSP 2.4.6'
PACKAGE_TARNAME='cpsp'
PACKAGE_URL='http://cpsp.informatik.uni-freiburg.de'
PACKAGE_VERSION='2.4.6'
PATH_SEPARATOR=':'
RANLIB='ranlib'
SET_MAKE=''
SHELL='/bin/bash'
STRIP=''
VERSION='2.4.6'
ac_ct_CC='gcc'
ac_ct_CXX='g++'
am__EXEEXT_FALSE=''
am__EXEEXT_TRUE=''
am__fastdepCC_FALSE='#'
am__fastdepCC_TRUE=''
am__fastdepCXX_FALSE='#'
am__fastdepCXX_TRUE=''
am__include='include'
am__isrc=' -I$(srcdir)'
am__leading_dot='.'
am__nodep='_no'
am__quote=''
am__tar='$${TAR-tar} chof - "$$tardir"'
am__untar='$${TAR-tar} xf -'
bindir='${exec_prefix}/bin'
build='x86_64-unknown-linux-gnu'
build_alias=''
build_cpu='x86_64'
build_os='linux-gnu'
build_vendor='unknown'
datadir='${datarootdir}'
datarootdir='${prefix}/share'
docdir='${datarootdir}/doc/${PACKAGE_TARNAME}'
dvidir='${docdir}'
exec_prefix='NONE'
host='x86_64-unknown-linux-gnu'
host_alias=''
host_cpu='x86_64'
host_os='linux-gnu'
host_vendor='unknown'
htmldir='${docdir}'
includedir='${prefix}/include'
infodir='${datarootdir}/info'
install_sh='${SHELL} /mnt/f/Universidad/Quinto/TFG/TFG/Codigo/Comparaciones/cpsp-2.4.6/install-sh'
libdir='${exec_prefix}/lib'
libexecdir='${exec_prefix}/libexec'
localedir='${datarootdir}/locale'
localstatedir='${prefix}/var'
mandir='${datarootdir}/man'
mkdir_p='$(MKDIR_P)'
oldincludedir='/usr/include'
pdfdir='${docdir}'
prefix='NONE'
program_transform_name='s,x,x,'
psdir='${docdir}'
runstatedir='${localstatedir}/run'
sbindir='${exec_prefix}/sbin'
sharedstatedir='${prefix}/com'
sysconfdir='${prefix}/etc'
target_alias=''

## ----------- ##
## confdefs.h. ##
## ----------- ##

/* confdefs.h */
#define PACKAGE_NAME "CPSP"
#define PACKAGE_TARNAME "cpsp"
#define PACKAGE_VERSION "2.4.6"
#define PACKAGE_STRING "CPSP 2.4.6"
#define PACKAGE_BUGREPORT ""
#define PACKAGE_URL "http://cpsp.informatik.uni-freiburg.de"
#define NDEBUG 1
#define PACKAGE "cpsp"
#define VERSION "2.4.6"
#define __cplusplus 1
#define HAVE_STDIO_H 1
#define HAVE_STDLIB_H 1
#define HAVE_STRING_H 1
#define HAVE_INTTYPES_H 1
#define HAVE_STDINT_H 1
#define HAVE_STRINGS_H 1
#define HAVE_SYS_STAT_H 1
#define HAVE_SYS_TYPES_H 1
#define HAVE_UNISTD_H 1
#define STDC_HEADERS 1

configure: exit 1
